<?xml version="1.0" encoding="UTF-8"?>
<testng-results ignored="0" total="1" passed="1" failed="0" skipped="0">
  <reporter-output>
    <line>
      <![CDATA[validation upon the home page is passed]]>
    </line>
    <line>
      <![CDATA[total cost increased from   999.00to  999.00]]>
    </line>
  </reporter-output>
  <suite started-at="2023-07-13T22:22:58 IST" name="Default suite" finished-at="2023-07-13T22:26:45 IST" duration-ms="227231">
    <groups>
    </groups>
    <test started-at="2023-07-13T22:22:58 IST" name="Default test" finished-at="2023-07-13T22:26:45 IST" duration-ms="227231">
      <class name="testcases.Amazon_Tc001">
        <test-method is-config="true" signature="driver_execution()[pri:0, instance:testcases.Amazon_Tc001@2d7275fc]" started-at="2023-07-13T22:22:58 IST" name="driver_execution" finished-at="2023-07-13T22:24:48 IST" duration-ms="110010" status="PASS">
          <reporter-output>
            <line>
              <![CDATA[validation upon the home page is passed]]>
            </line>
          </reporter-output>
        </test-method> <!-- driver_execution -->
        <test-method signature="AM001()[pri:0, instance:testcases.Amazon_Tc001@2d7275fc]" started-at="2023-07-13T22:24:48 IST" name="AM001" finished-at="2023-07-13T22:26:34 IST" duration-ms="106744" status="PASS">
          <reporter-output>
            <line>
              <![CDATA[total cost increased from   999.00to  999.00]]>
            </line>
          </reporter-output>
        </test-method> <!-- AM001 -->
        <test-method is-config="true" signature="driver_terminate()[pri:0, instance:testcases.Amazon_Tc001@2d7275fc]" started-at="2023-07-13T22:26:34 IST" name="driver_terminate" finished-at="2023-07-13T22:26:45 IST" duration-ms="10177" status="PASS">
          <reporter-output>
          </reporter-output>
        </test-method> <!-- driver_terminate -->
      </class> <!-- testcases.Amazon_Tc001 -->
    </test> <!-- Default test -->
  </suite> <!-- Default suite -->
</testng-results>
